20230212 20:26:29 INFO  [main] base.BaseClass BaseClass.java63 - Started test script
20230212 20:26:32 INFO  [main] base.BaseClass BaseClass.java210 - going to urlhttps://login.salesforce.com/
20230212 20:28:04 INFO  [main] base.BaseClass BaseClass.java149 - pass:login clicked  element clicked
20230212 20:36:55 INFO  [main] base.BaseClass BaseClass.java63 - Started test script
20230212 20:36:58 INFO  [main] base.BaseClass BaseClass.java210 - going to urlhttps://login.salesforce.com/
20230212 20:37:03 INFO  [main] base.BaseClass BaseClass.java149 - pass:login clicked  element clicked
20230212 20:37:20 INFO  [main] base.BaseClass BaseClass.java223 - closing the browser
20230212 20:37:52 INFO  [main] base.BaseClass BaseClass.java63 - Started test script
20230212 20:37:54 INFO  [main] base.BaseClass BaseClass.java210 - going to urlhttps://login.salesforce.com/
20230212 20:37:58 INFO  [main] base.BaseClass BaseClass.java149 - pass:login clicked  element clicked
20230212 20:38:13 INFO  [main] base.BaseClass BaseClass.java223 - closing the browser
20230212 20:38:22 INFO  [main] base.BaseClass BaseClass.java63 - Started test script
20230212 20:38:25 INFO  [main] base.BaseClass BaseClass.java210 - going to urlhttps://login.salesforce.com/
20230212 20:38:29 INFO  [main] base.BaseClass BaseClass.java149 - pass:login clicked  element clicked
20230212 20:38:43 INFO  [main] base.BaseClass BaseClass.java223 - closing the browser
20230212 20:38:55 INFO  [main] base.BaseClass BaseClass.java63 - Started test script
20230212 20:38:57 INFO  [main] base.BaseClass BaseClass.java210 - going to urlhttps://login.salesforce.com/
20230212 20:39:01 INFO  [main] base.BaseClass BaseClass.java149 - pass:login clicked  element clicked
20230212 20:39:11 INFO  [main] base.BaseClass BaseClass.java223 - closing the browser
20230212 20:39:29 INFO  [main] base.BaseClass BaseClass.java63 - Started test script
20230212 20:39:32 INFO  [main] base.BaseClass BaseClass.java210 - going to urlhttps://login.salesforce.com/
20230212 20:39:37 INFO  [main] base.BaseClass BaseClass.java149 - pass:login clicked  element clicked
20230212 20:39:48 INFO  [main] base.BaseClass BaseClass.java223 - closing the browser
20230212 20:39:58 INFO  [main] base.BaseClass BaseClass.java63 - Started test script
20230212 20:40:00 INFO  [main] base.BaseClass BaseClass.java210 - going to urlhttps://login.salesforce.com/
20230212 20:40:04 INFO  [main] base.BaseClass BaseClass.java149 - pass:login clicked  element clicked
20230212 20:40:17 INFO  [main] base.BaseClass BaseClass.java223 - closing the browser
20230212 20:40:31 INFO  [main] base.BaseClass BaseClass.java63 - Started test script
20230212 20:40:34 INFO  [main] base.BaseClass BaseClass.java210 - going to urlhttps://login.salesforce.com/
20230212 20:40:38 INFO  [main] base.BaseClass BaseClass.java149 - pass:login clicked  element clicked
20230212 20:40:53 INFO  [main] base.BaseClass BaseClass.java223 - closing the browser
20230212 20:41:12 INFO  [main] base.BaseClass BaseClass.java63 - Started test script
20230212 20:41:14 INFO  [main] base.BaseClass BaseClass.java210 - going to urlhttps://login.salesforce.com/
20230212 20:41:18 INFO  [main] base.BaseClass BaseClass.java149 - pass:login clicked  element clicked
20230212 20:41:30 INFO  [main] base.BaseClass BaseClass.java223 - closing the browser
20230212 20:42:17 INFO  [main] base.BaseClass BaseClass.java63 - Started test script
20230212 20:42:19 INFO  [main] base.BaseClass BaseClass.java210 - going to urlhttps://login.salesforce.com/
20230212 20:42:23 INFO  [main] base.BaseClass BaseClass.java149 - pass:login clicked  element clicked
20230212 20:42:36 INFO  [main] base.BaseClass BaseClass.java223 - closing the browser
20230212 20:42:36 INFO  [main] base.BaseClass BaseClass.java63 - Started test script
20230212 20:42:37 INFO  [main] base.BaseClass BaseClass.java210 - going to urlhttps://login.salesforce.com/
20230212 20:42:44 INFO  [main] base.BaseClass BaseClass.java149 - pass:login clicked  element clicked
20230212 20:42:54 INFO  [main] base.BaseClass BaseClass.java223 - closing the browser
20230212 20:42:54 INFO  [main] base.BaseClass BaseClass.java63 - Started test script
20230212 20:42:55 INFO  [main] base.BaseClass BaseClass.java210 - going to urlhttps://login.salesforce.com/
20230212 20:42:58 INFO  [main] base.BaseClass BaseClass.java149 - pass:login clicked  element clicked
20230212 20:43:04 INFO  [main] base.BaseClass BaseClass.java223 - closing the browser
20230212 20:43:04 INFO  [main] base.BaseClass BaseClass.java63 - Started test script
20230212 20:43:06 INFO  [main] base.BaseClass BaseClass.java210 - going to urlhttps://login.salesforce.com/
20230212 20:43:11 INFO  [main] base.BaseClass BaseClass.java149 - pass:login clicked  element clicked
20230212 20:43:33 INFO  [main] base.BaseClass BaseClass.java223 - closing the browser
20230212 20:43:49 INFO  [main] base.BaseClass BaseClass.java63 - Started test script
20230212 20:43:50 INFO  [main] base.BaseClass BaseClass.java210 - going to urlhttps://login.salesforce.com/
20230212 20:43:52 INFO  [main] base.BaseClass BaseClass.java149 - pass:login clicked  element clicked
20230212 20:44:06 INFO  [main] base.BaseClass BaseClass.java223 - closing the browser
20230212 20:44:23 INFO  [main] base.BaseClass BaseClass.java63 - Started test script
20230212 20:44:24 INFO  [main] base.BaseClass BaseClass.java210 - going to urlhttps://login.salesforce.com/
20230212 20:44:27 INFO  [main] base.BaseClass BaseClass.java149 - pass:login clicked  element clicked
20230212 20:44:45 INFO  [main] base.BaseClass BaseClass.java223 - closing the browser
20230212 20:45:01 INFO  [main] base.BaseClass BaseClass.java63 - Started test script
20230212 20:45:02 INFO  [main] base.BaseClass BaseClass.java210 - going to urlhttps://login.salesforce.com/
20230212 20:45:06 INFO  [main] base.BaseClass BaseClass.java149 - pass:login clicked  element clicked
20230212 20:45:23 INFO  [main] base.BaseClass BaseClass.java223 - closing the browser
20230212 20:45:39 INFO  [main] base.BaseClass BaseClass.java63 - Started test script
20230212 20:45:40 INFO  [main] base.BaseClass BaseClass.java210 - going to urlhttps://login.salesforce.com/
20230212 20:45:45 INFO  [main] base.BaseClass BaseClass.java149 - pass:login clicked  element clicked
20230212 20:45:55 INFO  [main] base.BaseClass BaseClass.java223 - closing the browser
20230212 20:46:12 INFO  [main] base.BaseClass BaseClass.java63 - Started test script
20230212 20:46:13 INFO  [main] base.BaseClass BaseClass.java210 - going to urlhttps://login.salesforce.com/
20230212 20:46:16 INFO  [main] base.BaseClass BaseClass.java149 - pass:login clicked  element clicked
20230212 20:46:32 INFO  [main] base.BaseClass BaseClass.java223 - closing the browser
20230212 20:46:48 INFO  [main] base.BaseClass BaseClass.java63 - Started test script
20230212 20:46:49 INFO  [main] base.BaseClass BaseClass.java210 - going to urlhttps://login.salesforce.com/
20230212 20:47:36 INFO  [main] base.BaseClass BaseClass.java63 - Started test script
20230212 20:47:38 INFO  [main] base.BaseClass BaseClass.java210 - going to urlhttps://login.salesforce.com/
20230212 20:47:42 INFO  [main] base.BaseClass BaseClass.java149 - pass:login clicked  element clicked
20230212 20:47:55 INFO  [main] base.BaseClass BaseClass.java223 - closing the browser
20230212 20:47:55 INFO  [main] base.BaseClass BaseClass.java63 - Started test script
20230212 20:47:57 INFO  [main] base.BaseClass BaseClass.java210 - going to urlhttps://login.salesforce.com/
20230212 20:47:58 INFO  [main] base.BaseClass BaseClass.java149 - pass:login clicked  element clicked
20230212 20:48:13 INFO  [main] base.BaseClass BaseClass.java223 - closing the browser
20230212 20:48:14 INFO  [main] base.BaseClass BaseClass.java63 - Started test script
20230212 20:48:15 INFO  [main] base.BaseClass BaseClass.java210 - going to urlhttps://login.salesforce.com/
20230212 20:48:16 INFO  [main] base.BaseClass BaseClass.java149 - pass:login clicked  element clicked
20230212 20:48:28 INFO  [main] base.BaseClass BaseClass.java223 - closing the browser
20230212 20:48:29 INFO  [main] base.BaseClass BaseClass.java63 - Started test script
20230212 20:48:30 INFO  [main] base.BaseClass BaseClass.java210 - going to urlhttps://login.salesforce.com/
20230212 20:48:39 INFO  [main] base.BaseClass BaseClass.java149 - pass:login clicked  element clicked
20230212 20:55:02 INFO  [main] base.BaseClass BaseClass.java223 - closing the browser
20230212 20:55:02 INFO  [main] base.BaseClass BaseClass.java63 - Started test script
20230212 20:55:04 INFO  [main] base.BaseClass BaseClass.java210 - going to urlhttps://login.salesforce.com/
20230212 20:55:12 INFO  [main] base.BaseClass BaseClass.java149 - pass:login clicked  element clicked
20230212 20:55:20 INFO  [main] base.BaseClass BaseClass.java223 - closing the browser
20230212 20:55:20 INFO  [main] base.BaseClass BaseClass.java63 - Started test script
20230212 20:55:22 INFO  [main] base.BaseClass BaseClass.java210 - going to urlhttps://login.salesforce.com/
20230212 20:55:26 INFO  [main] base.BaseClass BaseClass.java149 - pass:login clicked  element clicked
20230212 20:55:45 INFO  [main] base.BaseClass BaseClass.java223 - closing the browser
20230212 20:55:45 INFO  [main] base.BaseClass BaseClass.java63 - Started test script
20230212 20:55:47 INFO  [main] base.BaseClass BaseClass.java210 - going to urlhttps://login.salesforce.com/
20230212 20:55:52 INFO  [main] base.BaseClass BaseClass.java149 - pass:login clicked  element clicked
20230212 20:56:07 INFO  [main] base.BaseClass BaseClass.java223 - closing the browser
20230212 20:56:23 INFO  [main] base.BaseClass BaseClass.java63 - Started test script
20230212 20:56:25 INFO  [main] base.BaseClass BaseClass.java210 - going to urlhttps://login.salesforce.com/
20230212 20:56:27 INFO  [main] base.BaseClass BaseClass.java149 - pass:login clicked  element clicked
20230212 20:56:57 INFO  [main] base.BaseClass BaseClass.java63 - Started test script
20230212 20:56:59 INFO  [main] base.BaseClass BaseClass.java210 - going to urlhttps://login.salesforce.com/
20230212 20:57:02 INFO  [main] base.BaseClass BaseClass.java149 - pass:login clicked  element clicked
20230212 20:57:16 INFO  [main] base.BaseClass BaseClass.java223 - closing the browser
20230212 20:57:16 INFO  [main] base.BaseClass BaseClass.java63 - Started test script
20230212 20:57:17 INFO  [main] base.BaseClass BaseClass.java210 - going to urlhttps://login.salesforce.com/
20230212 20:57:23 INFO  [main] base.BaseClass BaseClass.java149 - pass:login clicked  element clicked
20230212 20:57:35 INFO  [main] base.BaseClass BaseClass.java223 - closing the browser
20230212 20:57:52 INFO  [main] base.BaseClass BaseClass.java63 - Started test script
20230212 20:57:53 INFO  [main] base.BaseClass BaseClass.java210 - going to urlhttps://login.salesforce.com/
20230212 20:57:57 INFO  [main] base.BaseClass BaseClass.java149 - pass:login clicked  element clicked
20230212 20:58:06 INFO  [main] base.BaseClass BaseClass.java223 - closing the browser
20230212 20:58:06 INFO  [main] base.BaseClass BaseClass.java63 - Started test script
20230212 20:58:08 INFO  [main] base.BaseClass BaseClass.java210 - going to urlhttps://login.salesforce.com/
20230212 20:58:10 INFO  [main] base.BaseClass BaseClass.java149 - pass:login clicked  element clicked
20230212 20:59:03 INFO  [main] base.BaseClass BaseClass.java223 - closing the browser
20230212 20:59:03 INFO  [main] base.BaseClass BaseClass.java63 - Started test script
20230212 20:59:05 INFO  [main] base.BaseClass BaseClass.java210 - going to urlhttps://login.salesforce.com/
20230212 20:59:09 INFO  [main] base.BaseClass BaseClass.java149 - pass:login clicked  element clicked
20230212 20:59:18 INFO  [main] base.BaseClass BaseClass.java223 - closing the browser
20230212 20:59:18 INFO  [main] base.BaseClass BaseClass.java63 - Started test script
20230212 20:59:19 INFO  [main] base.BaseClass BaseClass.java210 - going to urlhttps://login.salesforce.com/
20230212 20:59:23 INFO  [main] base.BaseClass BaseClass.java149 - pass:login clicked  element clicked
20230212 20:59:42 INFO  [main] base.BaseClass BaseClass.java223 - closing the browser
20230212 20:59:42 INFO  [main] base.BaseClass BaseClass.java63 - Started test script
20230212 20:59:43 INFO  [main] base.BaseClass BaseClass.java210 - going to urlhttps://login.salesforce.com/
20230212 20:59:47 INFO  [main] base.BaseClass BaseClass.java149 - pass:login clicked  element clicked
20230212 21:00:02 INFO  [main] base.BaseClass BaseClass.java223 - closing the browser
20230212 21:00:18 INFO  [main] base.BaseClass BaseClass.java63 - Started test script
20230212 21:00:19 INFO  [main] base.BaseClass BaseClass.java210 - going to urlhttps://login.salesforce.com/
20230212 21:00:23 INFO  [main] base.BaseClass BaseClass.java149 - pass:login clicked  element clicked
20230212 21:00:33 INFO  [main] base.BaseClass BaseClass.java223 - closing the browser
20230212 21:00:34 INFO  [main] base.BaseClass BaseClass.java63 - Started test script
20230212 21:00:35 INFO  [main] base.BaseClass BaseClass.java210 - going to urlhttps://login.salesforce.com/
20230212 21:00:37 INFO  [main] base.BaseClass BaseClass.java149 - pass:login clicked  element clicked
20230212 21:00:53 INFO  [main] base.BaseClass BaseClass.java223 - closing the browser
20230212 21:00:53 INFO  [main] base.BaseClass BaseClass.java63 - Started test script
20230212 21:00:55 INFO  [main] base.BaseClass BaseClass.java210 - going to urlhttps://login.salesforce.com/
20230212 21:01:26 INFO  [main] base.BaseClass BaseClass.java223 - closing the browser
20230212 21:01:27 INFO  [main] base.BaseClass BaseClass.java63 - Started test script
20230212 21:01:28 INFO  [main] base.BaseClass BaseClass.java210 - going to urlhttps://login.salesforce.com/
20230212 21:01:32 INFO  [main] base.BaseClass BaseClass.java149 - pass:login clicked  element clicked
20230212 21:01:36 INFO  [main] base.BaseClass BaseClass.java149 - pass:usermenu  element clicked
20230212 21:01:43 INFO  [main] base.BaseClass BaseClass.java223 - closing the browser
20230212 21:01:44 INFO  [main] base.BaseClass BaseClass.java63 - Started test script
20230212 21:01:46 INFO  [main] base.BaseClass BaseClass.java210 - going to urlhttps://login.salesforce.com/
20230212 21:01:50 INFO  [main] base.BaseClass BaseClass.java149 - pass:login clicked  element clicked
20230212 21:02:07 INFO  [main] base.BaseClass BaseClass.java223 - closing the browser
20230212 21:02:07 INFO  [main] base.BaseClass BaseClass.java63 - Started test script
20230212 21:02:09 INFO  [main] base.BaseClass BaseClass.java210 - going to urlhttps://login.salesforce.com/
20230212 21:02:11 INFO  [main] base.BaseClass BaseClass.java149 - pass:rememberpassword  element clicked
20230212 21:02:11 INFO  [main] base.BaseClass BaseClass.java223 - closing the browser
20230212 21:02:11 INFO  [main] base.BaseClass BaseClass.java63 - Started test script
20230212 21:02:12 INFO  [main] base.BaseClass BaseClass.java210 - going to urlhttps://login.salesforce.com/
20230212 21:02:28 INFO  [main] base.BaseClass BaseClass.java149 - pass:login  element clicked
20230212 21:02:32 INFO  [main] base.BaseClass BaseClass.java223 - closing the browser
20230212 21:02:32 INFO  [main] base.BaseClass BaseClass.java63 - Started test script
20230212 21:02:34 INFO  [main] base.BaseClass BaseClass.java210 - going to urlhttps://login.salesforce.com/
20230212 21:02:37 INFO  [main] base.BaseClass BaseClass.java149 - pass:login clicked  element clicked
20230212 21:02:45 INFO  [main] base.BaseClass BaseClass.java223 - closing the browser
20230212 21:02:46 INFO  [main] base.BaseClass BaseClass.java63 - Started test script
20230212 21:02:47 INFO  [main] base.BaseClass BaseClass.java210 - going to urlhttps://login.salesforce.com/
20230212 21:02:52 INFO  [main] base.BaseClass BaseClass.java149 - pass:login clicked  element clicked
20230212 21:03:00 INFO  [main] base.BaseClass BaseClass.java223 - closing the browser
20230212 21:03:00 INFO  [main] base.BaseClass BaseClass.java63 - Started test script
20230212 21:03:01 INFO  [main] base.BaseClass BaseClass.java210 - going to urlhttps://login.salesforce.com/
20230212 21:03:08 INFO  [main] base.BaseClass BaseClass.java149 - pass:login clicked  element clicked
20230212 21:03:08 INFO  [main] base.BaseClass BaseClass.java149 - pass:usermenu  element clicked
20230212 21:03:12 INFO  [main] base.BaseClass BaseClass.java223 - closing the browser
20230212 21:03:12 INFO  [main] base.BaseClass BaseClass.java63 - Started test script
20230212 21:03:13 INFO  [main] base.BaseClass BaseClass.java210 - going to urlhttps://login.salesforce.com/
20230212 21:03:17 INFO  [main] base.BaseClass BaseClass.java149 - pass:login clicked  element clicked
20230212 21:03:35 INFO  [main] base.BaseClass BaseClass.java223 - closing the browser
20230212 21:03:36 INFO  [main] base.BaseClass BaseClass.java63 - Started test script
20230212 21:03:37 INFO  [main] base.BaseClass BaseClass.java210 - going to urlhttps://login.salesforce.com/
20230212 21:03:42 INFO  [main] base.BaseClass BaseClass.java149 - pass:login clicked  element clicked
20230212 21:03:52 INFO  [main] base.BaseClass BaseClass.java223 - closing the browser
20230212 21:03:53 INFO  [main] base.BaseClass BaseClass.java63 - Started test script
20230212 21:03:55 INFO  [main] base.BaseClass BaseClass.java210 - going to urlhttps://login.salesforce.com/
20230212 21:03:58 INFO  [main] base.BaseClass BaseClass.java149 - pass:login clicked  element clicked
20230212 21:04:11 INFO  [main] base.BaseClass BaseClass.java149 - pass:about  element clicked
20230212 21:04:11 INFO  [main] base.BaseClass BaseClass.java137 - pass:lastname  element cleared
20230212 21:04:12 INFO  [main] base.BaseClass BaseClass.java149 - pass:saveAll  element clicked
20230212 21:04:24 INFO  [main] base.BaseClass BaseClass.java149 - pass:upload  element clicked
20230212 21:05:35 INFO  [main] base.BaseClass BaseClass.java223 - closing the browser
20230212 21:05:35 INFO  [main] base.BaseClass BaseClass.java63 - Started test script
20230212 21:05:37 INFO  [main] base.BaseClass BaseClass.java210 - going to urlhttps://login.salesforce.com/
20230212 21:05:40 INFO  [main] base.BaseClass BaseClass.java149 - pass:login clicked  element clicked
20230212 21:05:45 INFO  [main] base.BaseClass BaseClass.java149 - pass:usermenu  element clicked
20230212 21:05:56 INFO  [main] base.BaseClass BaseClass.java137 - pass:email  element cleared
20230212 21:05:56 INFO  [main] base.BaseClass BaseClass.java137 - pass:emailaddress  element cleared
20230212 21:06:01 INFO  [main] base.BaseClass BaseClass.java223 - closing the browser
20230212 21:06:02 INFO  [main] base.BaseClass BaseClass.java63 - Started test script
20230212 21:06:03 INFO  [main] base.BaseClass BaseClass.java210 - going to urlhttps://login.salesforce.com/
20230212 21:06:08 INFO  [main] base.BaseClass BaseClass.java149 - pass:login clicked  element clicked
20230212 21:06:25 INFO  [main] base.BaseClass BaseClass.java223 - closing the browser
20230212 21:06:26 INFO  [main] base.BaseClass BaseClass.java63 - Started test script
20230212 21:06:28 INFO  [main] base.BaseClass BaseClass.java210 - going to urlhttps://login.salesforce.com/
20230212 21:06:32 INFO  [main] base.BaseClass BaseClass.java149 - pass:login clicked  element clicked
20230212 21:06:59 INFO  [main] base.BaseClass BaseClass.java223 - closing the browser
20230212 21:06:59 INFO  [main] base.BaseClass BaseClass.java63 - Started test script
20230212 21:07:01 INFO  [main] base.BaseClass BaseClass.java210 - going to urlhttps://login.salesforce.com/
20230212 21:07:07 INFO  [main] base.BaseClass BaseClass.java149 - pass:login clicked  element clicked
20230212 21:07:17 INFO  [main] base.BaseClass BaseClass.java223 - closing the browser
20230212 21:07:17 INFO  [main] base.BaseClass BaseClass.java63 - Started test script
20230212 21:07:19 INFO  [main] base.BaseClass BaseClass.java210 - going to urlhttps://login.salesforce.com/
20230212 21:07:26 INFO  [main] base.BaseClass BaseClass.java149 - pass:login clicked  element clicked
20230212 21:07:33 INFO  [main] base.BaseClass BaseClass.java223 - closing the browser
20230212 21:07:33 INFO  [main] base.BaseClass BaseClass.java63 - Started test script
20230212 21:07:35 INFO  [main] base.BaseClass BaseClass.java210 - going to urlhttps://login.salesforce.com/
20230212 21:07:37 INFO  [main] base.BaseClass BaseClass.java149 - pass:rememberpassword  element clicked
20230212 21:07:44 INFO  [main] base.BaseClass BaseClass.java149 - pass:newtab  element clicked
20230212 21:07:44 INFO  [main] base.BaseClass BaseClass.java223 - closing the browser
20230212 21:07:45 INFO  [main] base.BaseClass BaseClass.java63 - Started test script
20230212 21:07:46 INFO  [main] base.BaseClass BaseClass.java210 - going to urlhttps://login.salesforce.com/
20230212 21:07:48 INFO  [main] salesforcetest.SalesforceTestAutomation SalesforceTestAutomation.java51 - Inside saesforce error login
20230212 21:07:49 INFO  [main] base.BaseClass BaseClass.java149 - pass:loginElement  element clicked
20230212 21:07:49 INFO  [main] base.BaseClass BaseClass.java223 - closing the browser
20230212 21:07:50 INFO  [main] base.BaseClass BaseClass.java63 - Started test script
20230212 21:07:51 INFO  [main] base.BaseClass BaseClass.java210 - going to urlhttps://login.salesforce.com/
20230212 21:08:00 INFO  [main] base.BaseClass BaseClass.java149 - pass:login clicked  element clicked
20230212 21:08:00 INFO  [main] base.BaseClass BaseClass.java223 - closing the browser
20230212 21:08:02 INFO  [main] base.BaseClass BaseClass.java63 - Started test script
20230212 21:08:04 INFO  [main] base.BaseClass BaseClass.java210 - going to urlhttps://login.salesforce.com/
20230212 21:08:08 INFO  [main] base.BaseClass BaseClass.java149 - pass:login clicked  element clicked
20230212 21:08:26 INFO  [main] base.BaseClass BaseClass.java223 - closing the browser
20230212 21:08:26 INFO  [main] base.BaseClass BaseClass.java63 - Started test script
20230212 21:08:28 INFO  [main] base.BaseClass BaseClass.java210 - going to urlhttps://login.salesforce.com/
20230212 21:08:35 INFO  [main] base.BaseClass BaseClass.java149 - pass:login clicked  element clicked
20230212 21:08:42 INFO  [main] base.BaseClass BaseClass.java223 - closing the browser
20230212 21:08:43 INFO  [main] base.BaseClass BaseClass.java63 - Started test script
20230212 21:08:44 INFO  [main] base.BaseClass BaseClass.java210 - going to urlhttps://login.salesforce.com/
20230212 21:08:52 INFO  [main] base.BaseClass BaseClass.java149 - pass:login clicked  element clicked
20230212 21:09:04 INFO  [main] base.BaseClass BaseClass.java223 - closing the browser
20230212 21:09:05 INFO  [main] base.BaseClass BaseClass.java63 - Started test script
20230212 21:09:06 INFO  [main] base.BaseClass BaseClass.java210 - going to urlhttps://login.salesforce.com/
20230212 21:09:14 INFO  [main] base.BaseClass BaseClass.java149 - pass:login clicked  element clicked
20230212 21:09:27 INFO  [main] base.BaseClass BaseClass.java223 - closing the browser
20230212 21:09:28 INFO  [main] base.BaseClass BaseClass.java63 - Started test script
20230212 21:09:30 INFO  [main] base.BaseClass BaseClass.java210 - going to urlhttps://login.salesforce.com/
20230212 21:09:38 INFO  [main] base.BaseClass BaseClass.java149 - pass:login clicked  element clicked
20230212 21:09:38 INFO  [main] base.BaseClass BaseClass.java149 - pass:  element clicked
20230212 21:09:38 INFO  [main] base.BaseClass BaseClass.java223 - closing the browser
20230212 21:14:09 INFO  [main] base.BaseClass BaseClass.java63 - Started test script
20230212 21:14:12 INFO  [main] base.BaseClass BaseClass.java210 - going to urlhttps://login.salesforce.com/
20230212 21:14:14 INFO  [main] base.BaseClass BaseClass.java149 - pass:login clicked  element clicked
20230212 21:14:31 INFO  [main] base.BaseClass BaseClass.java149 - pass:about  element clicked
20230212 21:14:31 INFO  [main] base.BaseClass BaseClass.java137 - pass:lastname  element cleared
20230212 21:14:32 INFO  [main] base.BaseClass BaseClass.java149 - pass:saveAll  element clicked
20230212 21:14:44 INFO  [main] base.BaseClass BaseClass.java149 - pass:upload  element clicked
20230212 21:15:08 INFO  [main] base.BaseClass BaseClass.java223 - closing the browser
20230212 21:16:23 INFO  [main] base.BaseClass BaseClass.java63 - Started test script
20230212 21:16:24 INFO  [main] base.BaseClass BaseClass.java63 - Started test script
20230212 21:16:27 INFO  [main] base.BaseClass BaseClass.java210 - going to urlhttps://login.salesforce.com/
20230212 21:16:29 INFO  [main] base.BaseClass BaseClass.java210 - going to urlhttps://login.salesforce.com/
20230212 21:16:32 INFO  [main] base.BaseClass BaseClass.java149 - pass:login clicked  element clicked
20230212 21:16:41 INFO  [main] base.BaseClass BaseClass.java149 - pass:login clicked  element clicked
20230212 21:16:49 INFO  [main] base.BaseClass BaseClass.java149 - pass:about  element clicked
20230212 21:16:49 INFO  [main] base.BaseClass BaseClass.java137 - pass:lastname  element cleared
20230212 21:16:50 INFO  [main] base.BaseClass BaseClass.java149 - pass:saveAll  element clicked
20230212 21:16:51 INFO  [main] base.BaseClass BaseClass.java149 - pass:about  element clicked
20230212 21:16:51 INFO  [main] base.BaseClass BaseClass.java137 - pass:lastname  element cleared
20230212 21:16:52 INFO  [main] base.BaseClass BaseClass.java149 - pass:saveAll  element clicked
20230212 21:17:02 INFO  [main] base.BaseClass BaseClass.java149 - pass:upload  element clicked
20230212 21:17:04 INFO  [main] base.BaseClass BaseClass.java149 - pass:upload  element clicked
20230212 21:17:28 INFO  [main] base.BaseClass BaseClass.java223 - closing the browser
20230212 21:17:41 INFO  [main] base.BaseClass BaseClass.java149 - pass:save clicked  element clicked
20230212 21:17:45 INFO  [main] base.BaseClass BaseClass.java223 - closing the browser
20230212 21:18:12 INFO  [main] base.BaseClass BaseClass.java63 - Started test script
20230212 21:18:15 INFO  [main] base.BaseClass BaseClass.java210 - going to urlhttps://login.salesforce.com/
20230212 21:18:20 INFO  [main] base.BaseClass BaseClass.java149 - pass:login clicked  element clicked
20230212 21:18:27 INFO  [main] base.BaseClass BaseClass.java223 - closing the browser
20230212 21:18:54 INFO  [main] base.BaseClass BaseClass.java63 - Started test script
20230212 21:18:57 INFO  [main] base.BaseClass BaseClass.java210 - going to urlhttps://login.salesforce.com/
20230212 21:18:59 INFO  [main] base.BaseClass BaseClass.java149 - pass:login clicked  element clicked
20230212 21:19:22 INFO  [main] base.BaseClass BaseClass.java223 - closing the browser
20230212 21:25:08 INFO  [main] base.BaseClass BaseClass.java63 - Started test script
20230212 21:25:12 INFO  [main] base.BaseClass BaseClass.java210 - going to urlhttps://login.salesforce.com/
20230212 21:25:17 INFO  [main] base.BaseClass BaseClass.java149 - pass:login clicked  element clicked
